  [4;36;1mSQL (0.3ms)[0m   [0;1mSET SQL_AUTO_IS_NULL=0[0m
  [4;35;1mSQL (0.2ms)[0m   [0mSHOW TABLES[0m
  [4;36;1mSQL (50.4ms)[0m   [0;1mCREATE TABLE `schema_migrations` (`version` varchar(255) NOT NULL) ENGINE=InnoDB[0m
  [4;35;1mSQL (10.9ms)[0m   [0mCREATE UNIQUE INDEX `unique_schema_migrations` ON `schema_migrations` (`version`)[0m
  [4;36;1mSQL (0.3ms)[0m   [0;1mSHOW TABLES[0m
  [4;35;1mSQL (0.3ms)[0m   [0mSELECT version FROM schema_migrations[0m
Migrating to CreatePubs (20090502113858)
  [4;36;1mSQL (26.1ms)[0m   [0;1mCREATE TABLE `pubs` (`id` int(11) DEFAULT NULL auto_increment PRIMARY KEY, `lat` decimal(20,20), `lon` decimal(20,20), `name` varchar(255), `description` text, `address_1` varchar(255), `address_2` varchar(255), `town` varchar(255), `post_code` varchar(255), `telephone` varchar(255), `number_of_pumps` int(11), `user_id` int(11), `gbg` tinyint(1), `cask_marque` tinyint(1) DEFAULT 0, `created_at` datetime, `updated_at` datetime) ENGINE=InnoDB[0m
  [4;35;1mSQL (0.5ms)[0m   [0mINSERT INTO schema_migrations (version) VALUES ('20090502113858')[0m
  [4;36;1mSQL (0.4ms)[0m   [0;1mSHOW TABLES[0m
  [4;35;1mSQL (0.2ms)[0m   [0mSELECT version FROM schema_migrations[0m
  [4;36;1mSQL (0.3ms)[0m   [0;1mSHOW TABLES[0m
  [4;35;1mSQL (3.7ms)[0m   [0mSHOW FIELDS FROM `pubs`[0m
  [4;36;1mSQL (2.9ms)[0m   [0;1mdescribe `pubs`[0m
  [4;35;1mSQL (1.3ms)[0m   [0mSHOW KEYS FROM `pubs`[0m
  [4;36;1mSQL (0.1ms)[0m   [0;1mSET SQL_AUTO_IS_NULL=0[0m
  [4;35;1mSQL (0.3ms)[0m   [0mSHOW TABLES[0m
  [4;36;1mSQL (0.2ms)[0m   [0;1mSELECT version FROM schema_migrations[0m
Migrating to CreatePubs (20090502113858)
Migrating to CreateUsers (20090502115001)
  [4;35;1mSQL (4.9ms)[0m   [0mCREATE TABLE `users` (`id` int(11) DEFAULT NULL auto_increment PRIMARY KEY, `created_at` datetime, `updated_at` datetime) ENGINE=InnoDB[0m
  [4;36;1mSQL (0.4ms)[0m   [0;1mINSERT INTO schema_migrations (version) VALUES ('20090502115001')[0m
  [4;35;1mSQL (0.3ms)[0m   [0mSHOW TABLES[0m
  [4;36;1mSQL (0.2ms)[0m   [0;1mSELECT version FROM schema_migrations[0m
  [4;35;1mSQL (0.2ms)[0m   [0mSHOW TABLES[0m
  [4;36;1mSQL (1.2ms)[0m   [0;1mSHOW FIELDS FROM `pubs`[0m
  [4;35;1mSQL (1.3ms)[0m   [0mdescribe `pubs`[0m
  [4;36;1mSQL (0.3ms)[0m   [0;1mSHOW KEYS FROM `pubs`[0m
  [4;35;1mSQL (2.3ms)[0m   [0mSHOW FIELDS FROM `users`[0m
  [4;36;1mSQL (1.9ms)[0m   [0;1mdescribe `users`[0m
  [4;35;1mSQL (0.7ms)[0m   [0mSHOW KEYS FROM `users`[0m
  [4;36;1mSQL (0.2ms)[0m   [0;1mSET SQL_AUTO_IS_NULL=0[0m
  [4;35;1mSQL (0.3ms)[0m   [0mSHOW TABLES[0m
  [4;36;1mSQL (0.3ms)[0m   [0;1mSELECT version FROM schema_migrations[0m
Migrating to CreatePubs (20090502113858)
Migrating to CreateUsers (20090502115001)
  [4;35;1mSQL (5.5ms)[0m   [0mCREATE TABLE `users` (`id` int(11) DEFAULT NULL auto_increment PRIMARY KEY, `username` varchar(255), `email` varchar(255), `level` varchar(255), `pints` varchar(255), `memory_lat` decimal(20,20), `memory_lon` decimal(20,20), `memory_zoom` int(11), `created_at` datetime, `updated_at` datetime) ENGINE=InnoDB[0m
  [4;36;1mSQL (0.5ms)[0m   [0;1mINSERT INTO schema_migrations (version) VALUES ('20090502115001')[0m
  [4;35;1mSQL (0.4ms)[0m   [0mSHOW TABLES[0m
  [4;36;1mSQL (0.4ms)[0m   [0;1mSELECT version FROM schema_migrations[0m
  [4;35;1mSQL (0.4ms)[0m   [0mSHOW TABLES[0m
  [4;36;1mSQL (2.6ms)[0m   [0;1mSHOW FIELDS FROM `pubs`[0m
  [4;35;1mSQL (1.9ms)[0m   [0mdescribe `pubs`[0m
  [4;36;1mSQL (0.5ms)[0m   [0;1mSHOW KEYS FROM `pubs`[0m
  [4;35;1mSQL (1.5ms)[0m   [0mSHOW FIELDS FROM `users`[0m
  [4;36;1mSQL (1.4ms)[0m   [0;1mdescribe `users`[0m
  [4;35;1mSQL (0.5ms)[0m   [0mSHOW KEYS FROM `users`[0m
  [4;36;1mSQL (0.1ms)[0m   [0;1mSET SQL_AUTO_IS_NULL=0[0m
  [4;35;1mPub Columns (1.9ms)[0m   [0mSHOW FIELDS FROM `pubs`[0m
  [4;36;1mSQL (0.1ms)[0m   [0;1mSET SQL_AUTO_IS_NULL=0[0m
  [4;35;1mPub Columns (1.9ms)[0m   [0mSHOW FIELDS FROM `pubs`[0m
  [4;36;1mUser Columns (1.5ms)[0m   [0;1mSHOW FIELDS FROM `users`[0m
  [4;35;1mSQL (0.1ms)[0m   [0mBEGIN[0m
  [4;36;1mUser Create (0.3ms)[0m   [0;1mINSERT INTO `users` (`updated_at`, `username`, `level`, `memory_lat`, `memory_lon`, `pints`, `email`, `memory_zoom`, `created_at`) VALUES('2009-05-02 16:40:44', 'matt', 3, NULL, NULL, 100, 'mail@matthewfawcett.co.uk', NULL, '2009-05-02 16:40:44')[0m
  [4;35;1mSQL (7.9ms)[0m   [0mCOMMIT[0m
  [4;36;1mUser Load (0.4ms)[0m   [0;1mSELECT * FROM `users` WHERE (`users`.`id` = 1) [0m
  [4;35;1mSQL (0.1ms)[0m   [0mBEGIN[0m
  [4;36;1mPub Create (0.3ms)[0m   [0;1mINSERT INTO `pubs` (`lon`, `name`, `gbg`, `cask_marque`, `updated_at`, `number_of_pumps`, `post_code`, `description`, `address_1`, `address_2`, `town`, `telephone`, `user_id`, `lat`, `created_at`) VALUES(NULL, 'Grove', 1, 0, '2009-05-02 16:40:44', NULL, 'LS115PL', 'The Grove is a real gem', 'Back row', 'Holbeck', 'Leeds', '01132 439254', 1, NULL, '2009-05-02 16:40:44')[0m
  [4;35;1mSQL (0.8ms)[0m   [0mCOMMIT[0m
  [4;36;1mPub Load (0.4ms)[0m   [0;1mSELECT * FROM `pubs` WHERE (`pubs`.`id` = 1) [0m
